[2025-12-10 18:01:23.497] [info] Using configuration file /home/tlaloch/.config/waybar/config.jsonc
[2025-12-10 18:01:23.498] [info] Using CSS file /home/tlaloch/.config/waybar/style.css
[2025-12-10 18:01:23.502] [info] Hyprland IPC starting
[2025-12-10 18:01:23.503] [info] Loading persistent workspaces from Waybar config
[2025-12-10 18:01:23.503] [info] Loading persistent workspaces from Hyprland workspace rules
[2025-12-10 18:01:23.503] [warning] There is no configuration for 'custom/platform-profile', element will be hidden
[2025-12-10 18:01:23.503] [warning] 'swap-icon-label' must be a bool.
[2025-12-10 18:01:23.505] [warning] No battery named BAT1
[2025-12-10 18:01:23.505] [info] Found device ZSA Technology Labs Moonlander Mark I Keyboard at '/dev/input/event8'
[2025-12-10 18:01:23.533] [info] Found device ZSA Technology Labs Moonlander Mark I at '/dev/input/event4'
[2025-12-10 18:01:23.754] [info] Loading persistent workspaces from Waybar config
[2025-12-10 18:01:23.754] [info] Loading persistent workspaces from Hyprland workspace rules
[2025-12-10 18:01:23.754] [warning] There is no configuration for 'custom/platform-profile', element will be hidden
[2025-12-10 18:01:23.755] [warning] 'swap-icon-label' must be a bool.
[2025-12-10 18:01:23.757] [warning] No battery named BAT1
[2025-12-10 18:01:23.758] [info] Found device ZSA Technology Labs Moonlander Mark I Keyboard at '/dev/input/event8'
[2025-12-10 18:01:23.786] [info] Found device ZSA Technology Labs Moonlander Mark I at '/dev/input/event4'
[2025-12-10 18:01:23.994] [info] Bar configured (width: 1080, height: 30) for output: DP-3
[2025-12-10 18:01:23.998] [info] Bar configured (width: 3440, height: 30) for output: DP-1
[2025-12-10 19:06:06.704] [info] Hyprland config reloaded, reinitializing hyprland/workspaces module...
[2025-12-10 19:06:06.723] [info] Loading persistent workspaces from Waybar config
[2025-12-10 19:06:06.723] [info] Loading persistent workspaces from Hyprland workspace rules
[2025-12-10 19:06:06.723] [info] Hyprland config reloaded, reinitializing hyprland/workspaces module...
[2025-12-10 19:06:06.725] [info] Loading persistent workspaces from Waybar config
[2025-12-10 19:06:06.725] [info] Loading persistent workspaces from Hyprland workspace rules
[2025-12-10 19:06:11.837] [info] Hyprland config reloaded, reinitializing hyprland/workspaces module...
[2025-12-10 19:06:11.857] [info] Loading persistent workspaces from Waybar config
[2025-12-10 19:06:11.857] [info] Loading persistent workspaces from Hyprland workspace rules
[2025-12-10 19:06:11.857] [info] Hyprland config reloaded, reinitializing hyprland/workspaces module...
[2025-12-10 19:06:11.859] [info] Loading persistent workspaces from Waybar config
[2025-12-10 19:06:11.859] [info] Loading persistent workspaces from Hyprland workspace rules
[2025-12-10 19:06:23.329] [info] Hyprland config reloaded, reinitializing hyprland/workspaces module...
[2025-12-10 19:06:23.345] [info] Loading persistent workspaces from Waybar config
[2025-12-10 19:06:23.345] [info] Loading persistent workspaces from Hyprland workspace rules
[2025-12-10 19:06:23.346] [info] Hyprland config reloaded, reinitializing hyprland/workspaces module...
[2025-12-10 19:06:23.349] [info] Loading persistent workspaces from Waybar config
[2025-12-10 19:06:23.349] [info] Loading persistent workspaces from Hyprland workspace rules
[2025-12-10 19:06:34.071] [info] Hyprland config reloaded, reinitializing hyprland/workspaces module...
[2025-12-10 19:06:34.092] [info] Loading persistent workspaces from Waybar config
[2025-12-10 19:06:34.092] [info] Loading persistent workspaces from Hyprland workspace rules
[2025-12-10 19:06:34.092] [info] Hyprland config reloaded, reinitializing hyprland/workspaces module...
[2025-12-10 19:06:34.093] [info] Loading persistent workspaces from Waybar config
[2025-12-10 19:06:34.093] [info] Loading persistent workspaces from Hyprland workspace rules
[2025-12-10 19:06:45.354] [info] Hyprland config reloaded, reinitializing hyprland/workspaces module...
[2025-12-10 19:06:45.403] [info] Loading persistent workspaces from Waybar config
[2025-12-10 19:06:45.404] [info] Loading persistent workspaces from Hyprland workspace rules
[2025-12-10 19:06:45.404] [info] Hyprland config reloaded, reinitializing hyprland/workspaces module...
[2025-12-10 19:06:45.405] [info] Loading persistent workspaces from Waybar config
[2025-12-10 19:06:45.406] [info] Loading persistent workspaces from Hyprland workspace rules
[2025-12-10 19:07:09.070] [info] Hyprland config reloaded, reinitializing hyprland/workspaces module...
[2025-12-10 19:07:09.089] [info] Loading persistent workspaces from Waybar config
[2025-12-10 19:07:09.089] [info] Loading persistent workspaces from Hyprland workspace rules
[2025-12-10 19:07:09.089] [info] Hyprland config reloaded, reinitializing hyprland/workspaces module...
[2025-12-10 19:07:09.090] [info] Loading persistent workspaces from Waybar config
[2025-12-10 19:07:09.090] [info] Loading persistent workspaces from Hyprland workspace rules
[2025-12-10 19:07:14.871] [info] Hyprland config reloaded, reinitializing hyprland/workspaces module...
[2025-12-10 19:07:14.890] [info] Loading persistent workspaces from Waybar config
[2025-12-10 19:07:14.890] [info] Loading persistent workspaces from Hyprland workspace rules
[2025-12-10 19:07:14.890] [info] Hyprland config reloaded, reinitializing hyprland/workspaces module...
[2025-12-10 19:07:14.891] [info] Loading persistent workspaces from Waybar config
[2025-12-10 19:07:14.891] [info] Loading persistent workspaces from Hyprland workspace rules
[2025-12-10 19:07:25.715] [info] Hyprland config reloaded, reinitializing hyprland/workspaces module...
[2025-12-10 19:07:25.721] [info] Loading persistent workspaces from Waybar config
[2025-12-10 19:07:25.721] [info] Loading persistent workspaces from Hyprland workspace rules
[2025-12-10 19:07:25.721] [info] Hyprland config reloaded, reinitializing hyprland/workspaces module...
[2025-12-10 19:07:25.722] [info] Loading persistent workspaces from Waybar config
[2025-12-10 19:07:25.723] [info] Loading persistent workspaces from Hyprland workspace rules
[2025-12-10 19:07:33.680] [info] Hyprland config reloaded, reinitializing hyprland/workspaces module...
[2025-12-10 19:07:33.708] [info] Loading persistent workspaces from Waybar config
[2025-12-10 19:07:33.708] [info] Loading persistent workspaces from Hyprland workspace rules
[2025-12-10 19:07:33.708] [info] Hyprland config reloaded, reinitializing hyprland/workspaces module...
[2025-12-10 19:07:33.709] [info] Loading persistent workspaces from Waybar config
[2025-12-10 19:07:33.709] [info] Loading persistent workspaces from Hyprland workspace rules
[2025-12-10 19:07:37.265] [info] Hyprland config reloaded, reinitializing hyprland/workspaces module...
[2025-12-10 19:07:37.275] [info] Loading persistent workspaces from Waybar config
[2025-12-10 19:07:37.275] [info] Loading persistent workspaces from Hyprland workspace rules
[2025-12-10 19:07:37.275] [info] Hyprland config reloaded, reinitializing hyprland/workspaces module...
[2025-12-10 19:07:37.276] [info] Loading persistent workspaces from Waybar config
[2025-12-10 19:07:37.276] [info] Loading persistent workspaces from Hyprland workspace rules
[2025-12-10 19:08:42.914] [info] Hyprland config reloaded, reinitializing hyprland/workspaces module...
[2025-12-10 19:08:42.938] [info] Loading persistent workspaces from Waybar config
[2025-12-10 19:08:42.938] [info] Loading persistent workspaces from Hyprland workspace rules
[2025-12-10 19:08:42.938] [info] Hyprland config reloaded, reinitializing hyprland/workspaces module...
[2025-12-10 19:08:42.939] [info] Loading persistent workspaces from Waybar config
[2025-12-10 19:08:42.939] [info] Loading persistent workspaces from Hyprland workspace rules
Gdk-Message: 19:18:39.204: Error reading events from display: Connection reset by peer
